<?xml version="1.0" encoding="UTF-8"?>
<testng-results skipped="0" failed="0" ignored="0" total="0" passed="0">
  <reporter-output>
  </reporter-output>
  <suite name="com.vtiger.runner.TestRunner" duration-ms="6" started-at="2022-09-02T04:37:08Z" finished-at="2022-09-02T04:37:08Z">
    <groups>
    </groups>
    <test name="Command line test" duration-ms="6" started-at="2022-09-02T04:37:08Z" finished-at="2022-09-02T04:37:08Z">
    </test> <!-- Command line test -->
  </suite> <!-- com.vtiger.runner.TestRunner -->
</testng-results>
